
> landing@0.1.0 build
> next build

SyntaxError: Expected ',' or '}' after property value in JSON at position 232267 (line 6727 column 1)
    at JSON.parse (<anonymous>)
▲ Next.js 16.1.4 (Turbopack)
- Environments: .env.local

  Creating an optimized production build ...
SyntaxError: Expected ',' or '}' after property value in JSON at position 232267 (line 6727 column 1)
    at JSON.parse (<anonymous>)

-----
[1m[31mFATAL[39m[0m: An unexpected Turbopack error occurred. A panic log has been written to /var/folders/st/c_lzb74n21b1pq98_0w6rjlr0000gn/T/next-panic-1264f21f050af3d19332f0deeccdb3e9.log.

To help make Turbopack better, report this error by clicking here: https://github.com/vercel/next.js/discussions/new?category=turbopack-error-report&title=Turbopack%20Error%3A%20Failed%20to%20write%20app%20endpoint%20%2Fpage&body=Turbopack%20version%3A%20%60v16.1.0-canary.19-88-gda605e0c4%60%0ANext.js%20version%3A%20%600.0.0%60%0A%0AError%20message%3A%0A%60%60%60%0ATurbopack%20Error%3A%20Failed%20to%20write%20app%20endpoint%20%2Fpage%0A%60%60%60&labels=Turbopack,Turbopack%20Panic%20Backtrace
-----


> Build error occurred
Error [TurbopackInternalError]: Failed to write app endpoint /page

Caused by:
- [project]/apps/landing/app/globals.css [app-client] (css)
- creating new process
- node process exited before we could connect to it with exit status: 0

Debug info:
- Execution of get_all_written_entrypoints_with_issues_operation failed
- Execution of EntrypointsOperation::new failed
- Execution of all_entrypoints_write_to_disk_operation failed
- Execution of Project::emit_all_output_assets failed
- Execution of *emit_assets failed
- Execution of all_assets_from_entries_operation failed
- Execution of *all_assets_from_entries failed
- Execution of output_assets_operation failed
- Execution of <AppEndpoint as Endpoint>::output failed
- Failed to write app endpoint /page
- Execution of AppEndpoint::output failed
- Execution of whole_app_module_graph_operation failed
- Execution of *ModuleGraph::from_single_graph failed
- Execution of SingleModuleGraph::new_with_entries failed
- [project]/apps/landing/app/globals.css [app-client] (css)
- Execution of primary_chunkable_referenced_modules failed
- Execution of <CssModuleAsset as Module>::references failed
- Execution of parse_css failed
- Execution of <PostCssTransformedAsset as Asset>::content failed
- Execution of PostCssTransformedAsset::process failed
- Execution of evaluate_webpack_loader failed
- creating new process
- node process exited before we could connect to it with exit status: 0
  Process output:
  
  Process error output:
    at <unknown> (TurbopackInternalError: Failed to write app endpoint /page) {
  type: 'TurbopackInternalError',
  location: undefined
}
npm error Lifecycle script `build` failed with error:
npm error code 1
npm error path /Applications/nandenihon-ai/apps/landing
npm error workspace landing@0.1.0
npm error location /Applications/nandenihon-ai/apps/landing
npm error command failed
npm error command sh -c next build
